<?xml version="1.0" encoding="UTF-8"?>
<!-- Generated by org.testng.reporters.JUnitReportReporter -->
<testsuite hostname="Arun" failures="0" tests="3" name="com.test.HomePageTestCases" time="5.518" errors="0" timestamp="2023-01-30T10:24:55 IST" skipped="1">
  <testcase classname="com.test.HomePageTestCases" name="clickOnSignUpButton" time="2.101"/>
  <system-out/>
  <testcase classname="com.test.HomePageTestCases" name="clickOnLoginButton" time="3.417"/>
  <system-out/>
  <testcase classname="com.test.HomePageTestCases" name="clickOnContactButton">
    <skipped/>
  </testcase> <!-- clickOnContactButton -->
  <system-out/>
</testsuite> <!-- com.test.HomePageTestCases -->
